<?xml version="1.0" encoding="UTF-8"?>
<robot generator="Robot 3.2.2 (Python 3.9.1 on win32)"
	generated="20210120 10:47:25.399" rpa="false">
	<suite id="s1" name="TestSuite1"
		source="C:\Users\qtonthat\Documents\Workspace\EclipseWorkspace\Robot Project 1\Test\TestSuite1.robot">
		<kw name="Log" library="BuiltIn" type="setup">
			<doc>Logs the given message with the given level.</doc>
			<arguments>
				<arg>===&gt; Test Suite setup</arg>
			</arguments>
			<msg timestamp="20210120 10:47:25.625" level="INFO">===&gt; Test Suite
				setup</msg>
			<status status="PASS" starttime="20210120 10:47:25.624"
				endtime="20210120 10:47:25.625"></status>
		</kw>
		<test id="s1-t1" name="MyFirstTest">
			<kw name="Log" library="BuiltIn" type="setup">
				<doc>Logs the given message with the given level.</doc>
				<arguments>
					<arg>===&gt; Test Case setup</arg>
				</arguments>
				<msg timestamp="20210120 10:47:25.626" level="INFO">===&gt; Test Case
					setup</msg>
				<status status="PASS" starttime="20210120 10:47:25.626"
					endtime="20210120 10:47:25.626"></status>
			</kw>
			<kw name="Log" library="BuiltIn">
				<doc>Logs the given message with the given level.</doc>
				<arguments>
					<arg>Hello World 1...</arg>
				</arguments>
				<msg timestamp="20210120 10:47:25.627" level="INFO">Hello World 1...</msg>
				<status status="PASS" starttime="20210120 10:47:25.627"
					endtime="20210120 10:47:25.627"></status>
			</kw>
			<kw name="Log" library="BuiltIn" type="teardown">
				<doc>Logs the given message with the given level.</doc>
				<arguments>
					<arg>===&gt; Test Case teardown</arg>
				</arguments>
				<msg timestamp="20210120 10:47:25.627" level="INFO">===&gt; Test Case
					teardown</msg>
				<status status="PASS" starttime="20210120 10:47:25.627"
					endtime="20210120 10:47:25.627"></status>
			</kw>
			<tags>
				<tag>sanity</tag>
			</tags>
			<status status="PASS" starttime="20210120 10:47:25.625"
				endtime="20210120 10:47:25.628" critical="yes"></status>
		</test>
		<test id="s1-t2" name="My2ndTest">
			<kw name="Log" library="BuiltIn" type="setup">
				<doc>Logs the given message with the given level.</doc>
				<arguments>
					<arg>===&gt; Test Case setup</arg>
				</arguments>
				<msg timestamp="20210120 10:47:25.630" level="INFO">===&gt; Test Case
					setup</msg>
				<status status="PASS" starttime="20210120 10:47:25.630"
					endtime="20210120 10:47:25.630"></status>
			</kw>
			<kw name="Log" library="BuiltIn">
				<doc>Logs the given message with the given level.</doc>
				<arguments>
					<arg>Hello World 2...</arg>
				</arguments>
				<msg timestamp="20210120 10:47:25.631" level="INFO">Hello World 2...</msg>
				<status status="PASS" starttime="20210120 10:47:25.631"
					endtime="20210120 10:47:25.631"></status>
			</kw>
			<kw name="Log" library="BuiltIn" type="teardown">
				<doc>Logs the given message with the given level.</doc>
				<arguments>
					<arg>===&gt; Test Case teardown</arg>
				</arguments>
				<msg timestamp="20210120 10:47:25.632" level="INFO">===&gt; Test Case
					teardown</msg>
				<status status="PASS" starttime="20210120 10:47:25.632"
					endtime="20210120 10:47:25.632"></status>
			</kw>
			<tags>
				<tag>Smoke</tag>
			</tags>
			<status status="PASS" starttime="20210120 10:47:25.629"
				endtime="20210120 10:47:25.633" critical="yes"></status>
		</test>
		<test id="s1-t3" name="My3rdTest">
			<kw name="Log" library="BuiltIn" type="setup">
				<doc>Logs the given message with the given level.</doc>
				<arguments>
					<arg>===&gt; Test Case setup</arg>
				</arguments>
				<msg timestamp="20210120 10:47:25.636" level="INFO">===&gt; Test Case
					setup</msg>
				<status status="PASS" starttime="20210120 10:47:25.635"
					endtime="20210120 10:47:25.636"></status>
			</kw>
			<kw name="Remove Tags" library="BuiltIn">
				<doc>Removes given ``tags`` from the current test or all tests in a
					suite.</doc>
				<arguments>
					<arg>sanity</arg>
				</arguments>
				<msg timestamp="20210120 10:47:25.636" level="INFO">Removed tag
					'sanity'.</msg>
				<status status="PASS" starttime="20210120 10:47:25.636"
					endtime="20210120 10:47:25.636"></status>
			</kw>
			<kw name="Log" library="BuiltIn">
				<doc>Logs the given message with the given level.</doc>
				<arguments>
					<arg>Hello World 3...</arg>
				</arguments>
				<msg timestamp="20210120 10:47:25.637" level="INFO">Hello World 3...</msg>
				<status status="PASS" starttime="20210120 10:47:25.637"
					endtime="20210120 10:47:25.637"></status>
			</kw>
			<kw name="Log" library="BuiltIn" type="teardown">
				<doc>Logs the given message with the given level.</doc>
				<arguments>
					<arg>===&gt; Test Case teardown</arg>
				</arguments>
				<msg timestamp="20210120 10:47:25.637" level="INFO">===&gt; Test Case
					teardown</msg>
				<status status="PASS" starttime="20210120 10:47:25.637"
					endtime="20210120 10:47:25.637"></status>
			</kw>
			<status status="PASS" starttime="20210120 10:47:25.635"
				endtime="20210120 10:47:25.638" critical="yes"></status>
		</test>
		<kw name="Log" library="BuiltIn" type="teardown">
			<doc>Logs the given message with the given level.</doc>
			<arguments>
				<arg>===&gt; Test Suite teardown</arg>
			</arguments>
			<msg timestamp="20210120 10:47:25.639" level="INFO">===&gt; Test Suite
				teardown</msg>
			<status status="PASS" starttime="20210120 10:47:25.639"
				endtime="20210120 10:47:25.639"></status>
		</kw>
		<status status="PASS" starttime="20210120 10:47:25.402"
			endtime="20210120 10:47:25.639"></status>
	</suite>
	<statistics>
		<total>
			<stat pass="3" fail="0">Critical Tests</stat>
			<stat pass="3" fail="0">All Tests</stat>
		</total>
		<tag>
			<stat pass="1" fail="0">sanity</stat>
			<stat pass="1" fail="0">Smoke</stat>
		</tag>
		<suite>
			<stat pass="3" fail="0" id="s1" name="TestSuite1">TestSuite1</stat>
		</suite>
	</statistics>
	<errors>
	</errors>
</robot>
